<?xml version="1.0" encoding="UTF-8"?>
<!-- Generated by org.testng.reporters.JUnitReportReporter -->
<testsuite hostname="ATTAFI_Yousra" failures="0" tests="1" name="com.todos.tests.TestTodo" time="3.032" errors="0" timestamp="1 Apr 2023 14:59:01 GMT">
  <testcase classname="com.todos.tests.TestTodo" name="todoInputOperation" time="3.032"/>
</testsuite> <!-- com.todos.tests.TestTodo -->
