<?xml version="1.0" encoding="UTF-8"?>
<!-- Generated by org.testng.reporters.JUnitReportReporter -->
<testsuite hostname="NX-TN-LT245" failures="0" tests="1" name="com.todos.tests.AddTodoTest" time="6.675" errors="0" timestamp="11 Apr 2023 23:07:40 GMT">
  <testcase classname="com.todos.tests.AddTodoTest" name="iAddTodo" time="6.675"/>
</testsuite> <!-- com.todos.tests.AddTodoTest -->
