<?xml version="1.0" encoding="UTF-8"?>
<!-- Generated by org.testng.reporters.JUnitReportReporter -->
<testsuite hostname="ATTAFI_Yousra" failures="0" tests="1" name="com.todos.utils.Setup" time="5.499" errors="0" timestamp="1 Apr 2023 14:59:29 GMT">
  <testcase classname="com.todos.utils.Setup" name="todoInputOperation" time="5.499"/>
</testsuite> <!-- com.todos.utils.Setup -->
